mode: set
github.com/pirsch-analytics/pirsch/v7/pkg/ingest/session/cache.go:26.57,28.2 1 1
github.com/pirsch-analytics/pirsch/v7/pkg/ingest/session/mem.go:26.64,27.22 1 1
github.com/pirsch-analytics/pirsch/v7/pkg/ingest/session/mem.go:27.22,29.3 1 0
github.com/pirsch-analytics/pirsch/v7/pkg/ingest/session/mem.go:31.2,35.3 1 1
github.com/pirsch-analytics/pirsch/v7/pkg/ingest/session/mem.go:39.91,45.41 5 1
github.com/pirsch-analytics/pirsch/v7/pkg/ingest/session/mem.go:45.41,47.3 1 1
github.com/pirsch-analytics/pirsch/v7/pkg/ingest/session/mem.go:49.2,50.10 2 1
github.com/pirsch-analytics/pirsch/v7/pkg/ingest/session/mem.go:54.82,59.46 4 1
github.com/pirsch-analytics/pirsch/v7/pkg/ingest/session/mem.go:59.46,61.3 1 1
github.com/pirsch-analytics/pirsch/v7/pkg/ingest/session/mem.go:63.2,65.87 2 1
github.com/pirsch-analytics/pirsch/v7/pkg/ingest/session/mem.go:65.87,67.3 1 1
github.com/pirsch-analytics/pirsch/v7/pkg/ingest/session/mem.go:71.32,75.2 3 1
github.com/pirsch-analytics/pirsch/v7/pkg/ingest/session/mem.go:78.61,80.2 1 1
github.com/pirsch-analytics/pirsch/v7/pkg/ingest/session/mem.go:83.60,88.35 4 1
github.com/pirsch-analytics/pirsch/v7/pkg/ingest/session/mem.go:88.35,90.3 1 1
github.com/pirsch-analytics/pirsch/v7/pkg/ingest/session/mem.go:92.2,92.17 1 1
github.com/pirsch-analytics/pirsch/v7/pkg/ingest/session/redis.go:31.29,32.35 1 0
github.com/pirsch-analytics/pirsch/v7/pkg/ingest/session/redis.go:32.35,33.13 1 0
github.com/pirsch-analytics/pirsch/v7/pkg/ingest/session/redis.go:37.31,38.40 1 0
github.com/pirsch-analytics/pirsch/v7/pkg/ingest/session/redis.go:38.40,39.13 1 0
github.com/pirsch-analytics/pirsch/v7/pkg/ingest/session/redis.go:44.101,45.16 1 1
github.com/pirsch-analytics/pirsch/v7/pkg/ingest/session/redis.go:45.16,47.3 1 1
github.com/pirsch-analytics/pirsch/v7/pkg/ingest/session/redis.go:49.2,55.3 2 1
github.com/pirsch-analytics/pirsch/v7/pkg/ingest/session/redis.go:59.88,62.16 2 1
github.com/pirsch-analytics/pirsch/v7/pkg/ingest/session/redis.go:62.16,63.33 1 1
github.com/pirsch-analytics/pirsch/v7/pkg/ingest/session/redis.go:63.33,65.4 1 0
github.com/pirsch-analytics/pirsch/v7/pkg/ingest/session/redis.go:67.3,67.13 1 1
github.com/pirsch-analytics/pirsch/v7/pkg/ingest/session/redis.go:70.2,72.60 2 1
github.com/pirsch-analytics/pirsch/v7/pkg/ingest/session/redis.go:72.60,75.3 2 0
github.com/pirsch-analytics/pirsch/v7/pkg/ingest/session/redis.go:77.2,77.17 1 1
github.com/pirsch-analytics/pirsch/v7/pkg/ingest/session/redis.go:81.84,84.16 2 1
github.com/pirsch-analytics/pirsch/v7/pkg/ingest/session/redis.go:84.16,86.3 1 1
github.com/pirsch-analytics/pirsch/v7/pkg/ingest/session/redis.go:86.8,88.3 1 0
github.com/pirsch-analytics/pirsch/v7/pkg/ingest/session/redis.go:92.34,94.2 1 1
github.com/pirsch-analytics/pirsch/v7/pkg/ingest/session/redis.go:97.77,99.2 1 0
github.com/pirsch-analytics/pirsch/v7/pkg/ingest/session/session.go:28.98,36.2 1 1
github.com/pirsch-analytics/pirsch/v7/pkg/ingest/session/session.go:40.63,51.58 6 1
github.com/pirsch-analytics/pirsch/v7/pkg/ingest/session/session.go:51.58,59.21 6 1
github.com/pirsch-analytics/pirsch/v7/pkg/ingest/session/session.go:59.21,60.62 1 1
github.com/pirsch-analytics/pirsch/v7/pkg/ingest/session/session.go:60.62,62.5 1 1
github.com/pirsch-analytics/pirsch/v7/pkg/ingest/session/session.go:62.10,64.5 1 1
github.com/pirsch-analytics/pirsch/v7/pkg/ingest/session/session.go:68.2,71.27 2 1
github.com/pirsch-analytics/pirsch/v7/pkg/ingest/session/session.go:71.27,72.21 1 1
github.com/pirsch-analytics/pirsch/v7/pkg/ingest/session/session.go:72.21,75.4 2 1
github.com/pirsch-analytics/pirsch/v7/pkg/ingest/session/session.go:77.3,77.19 1 1
github.com/pirsch-analytics/pirsch/v7/pkg/ingest/session/session.go:80.2,82.69 2 1
github.com/pirsch-analytics/pirsch/v7/pkg/ingest/session/session.go:82.69,85.3 2 1
github.com/pirsch-analytics/pirsch/v7/pkg/ingest/session/session.go:85.8,88.85 1 1
github.com/pirsch-analytics/pirsch/v7/pkg/ingest/session/session.go:88.85,90.4 1 1
github.com/pirsch-analytics/pirsch/v7/pkg/ingest/session/session.go:92.3,95.60 4 1
github.com/pirsch-analytics/pirsch/v7/pkg/ingest/session/session.go:99.2,101.19 3 1
github.com/pirsch-analytics/pirsch/v7/pkg/ingest/session/session.go:104.63,144.2 2 1
github.com/pirsch-analytics/pirsch/v7/pkg/ingest/session/session.go:146.75,150.27 3 1
github.com/pirsch-analytics/pirsch/v7/pkg/ingest/session/session.go:150.27,153.42 2 1
github.com/pirsch-analytics/pirsch/v7/pkg/ingest/session/session.go:153.42,155.4 1 1
github.com/pirsch-analytics/pirsch/v7/pkg/ingest/session/session.go:156.8,156.36 1 1
github.com/pirsch-analytics/pirsch/v7/pkg/ingest/session/session.go:156.36,159.3 2 1
github.com/pirsch-analytics/pirsch/v7/pkg/ingest/session/session.go:159.8,163.3 3 1
github.com/pirsch-analytics/pirsch/v7/pkg/ingest/session/session.go:166.2,195.35 28 1
github.com/pirsch-analytics/pirsch/v7/pkg/ingest/session/session.go:198.99,200.78 1 1
github.com/pirsch-analytics/pirsch/v7/pkg/ingest/session/session.go:200.78,202.3 1 1
github.com/pirsch-analytics/pirsch/v7/pkg/ingest/session/session.go:204.2,208.64 1 1
github.com/pirsch-analytics/pirsch/v7/pkg/ingest/session/session.go:211.68,218.2 6 1
